<?xml version="1.0" encoding="UTF-8"?>
<!-- Generated by org.testng.reporters.JUnitXMLReporter -->
<testsuite ignored="0" hostname="DESKTOP-88V4A8K" failures="0" tests="4" name="MySeleniumProject" time="162.883"
           errors="0" timestamp="2026-03-05T13:19:25 IST">
    <testcase classname="login7WithPOM" name="login1" time="8.079"/>
    <testcase classname="login7WithPOM" name="login2" time="7.596"/>
    <testcase classname="login7WithPOM" name="login3" time="8.743"/>
    <testcase classname="login7WithPOM" name="login4" time="9.869"/>
</testsuite> <!-- MySeleniumProject -->
