<?xml version="1.0" encoding="UTF-8"?>
<testng-results ignored="0" total="4" passed="4" failed="0" skipped="0">
    <reporter-output>
    </reporter-output>
    <suite started-at="2026-03-05T13:16:42 IST" name="Default Suite" finished-at="2026-03-05T13:19:25 IST"
           duration-ms="162883">
        <groups>
        </groups>
        <test started-at="2026-03-05T13:16:42 IST" name="MySeleniumProject" finished-at="2026-03-05T13:19:25 IST"
              duration-ms="162883">
            <class name="login7WithPOM">
                <test-method is-config="true"
                             signature="openBrowserAndEnterUrl()[pri:0, instance:login7WithPOM@16293aa2]"
                             started-at="2026-03-05T13:16:42 IST" name="openBrowserAndEnterUrl"
                             finished-at="2026-03-05T13:17:12 IST" duration-ms="29602" status="PASS">
                    <reporter-output>
                    </reporter-output>
                </test-method> <!-- openBrowserAndEnterUrl -->
                <test-method signature="login1()[pri:0, instance:login7WithPOM@16293aa2]"
                             started-at="2026-03-05T13:17:12 IST" name="login1" finished-at="2026-03-05T13:17:20 IST"
                             duration-ms="8079" status="PASS">
                    <reporter-output>
                    </reporter-output>
                </test-method> <!-- login1 -->
                <test-method is-config="true" signature="closeBrowser()[pri:0, instance:login7WithPOM@16293aa2]"
                             started-at="2026-03-05T13:17:20 IST" name="closeBrowser"
                             finished-at="2026-03-05T13:17:20 IST" duration-ms="397" status="PASS">
                    <reporter-output>
                    </reporter-output>
                </test-method> <!-- closeBrowser -->
                <test-method is-config="true"
                             signature="openBrowserAndEnterUrl()[pri:0, instance:login7WithPOM@16293aa2]"
                             started-at="2026-03-05T13:17:20 IST" name="openBrowserAndEnterUrl"
                             finished-at="2026-03-05T13:17:53 IST" duration-ms="32484" status="PASS">
                    <reporter-output>
                    </reporter-output>
                </test-method> <!-- openBrowserAndEnterUrl -->
                <test-method signature="login2()[pri:0, instance:login7WithPOM@16293aa2]"
                             started-at="2026-03-05T13:17:53 IST" name="login2" finished-at="2026-03-05T13:18:01 IST"
                             duration-ms="7596" status="PASS">
                    <reporter-output>
                    </reporter-output>
                </test-method> <!-- login2 -->
                <test-method is-config="true" signature="closeBrowser()[pri:0, instance:login7WithPOM@16293aa2]"
                             started-at="2026-03-05T13:18:01 IST" name="closeBrowser"
                             finished-at="2026-03-05T13:18:01 IST" duration-ms="469" status="PASS">
                    <reporter-output>
                    </reporter-output>
                </test-method> <!-- closeBrowser -->
                <test-method is-config="true"
                             signature="openBrowserAndEnterUrl()[pri:0, instance:login7WithPOM@16293aa2]"
                             started-at="2026-03-05T13:18:01 IST" name="openBrowserAndEnterUrl"
                             finished-at="2026-03-05T13:18:32 IST" duration-ms="31224" status="PASS">
                    <reporter-output>
                    </reporter-output>
                </test-method> <!-- openBrowserAndEnterUrl -->
                <test-method signature="login3()[pri:0, instance:login7WithPOM@16293aa2]"
                             started-at="2026-03-05T13:18:32 IST" name="login3" finished-at="2026-03-05T13:18:41 IST"
                             duration-ms="8743" status="PASS">
                    <reporter-output>
                    </reporter-output>
                </test-method> <!-- login3 -->
                <test-method is-config="true" signature="closeBrowser()[pri:0, instance:login7WithPOM@16293aa2]"
                             started-at="2026-03-05T13:18:41 IST" name="closeBrowser"
                             finished-at="2026-03-05T13:18:42 IST" duration-ms="1030" status="PASS">
                    <reporter-output>
                    </reporter-output>
                </test-method> <!-- closeBrowser -->
                <test-method is-config="true"
                             signature="openBrowserAndEnterUrl()[pri:0, instance:login7WithPOM@16293aa2]"
                             started-at="2026-03-05T13:18:42 IST" name="openBrowserAndEnterUrl"
                             finished-at="2026-03-05T13:19:14 IST" duration-ms="32214" status="PASS">
                    <reporter-output>
                    </reporter-output>
                </test-method> <!-- openBrowserAndEnterUrl -->
                <test-method signature="login4()[pri:0, instance:login7WithPOM@16293aa2]"
                             started-at="2026-03-05T13:19:14 IST" name="login4" finished-at="2026-03-05T13:19:24 IST"
                             duration-ms="9869" status="PASS">
                    <reporter-output>
                    </reporter-output>
                </test-method> <!-- login4 -->
                <test-method is-config="true" signature="closeBrowser()[pri:0, instance:login7WithPOM@16293aa2]"
                             started-at="2026-03-05T13:19:24 IST" name="closeBrowser"
                             finished-at="2026-03-05T13:19:25 IST" duration-ms="951" status="PASS">
                    <reporter-output>
                    </reporter-output>
                </test-method> <!-- closeBrowser -->
            </class> <!-- login7WithPOM -->
        </test> <!-- MySeleniumProject -->
    </suite> <!-- Default Suite -->
</testng-results>
