<?xml version="1.0" encoding="UTF-8"?>
<!-- Generated by org.testng.reporters.JUnitReportReporter -->
<testsuite hostname="DESKTOP-88V4A8K" failures="0" tests="4" name="login7WithPOM" time="162.658" errors="0"
           timestamp="2026-03-05T13:19:26 IST" skipped="0">
    <testcase classname="login7WithPOM" name="login1" time="41.323"/>
    <testcase classname="login7WithPOM" name="login2" time="39.289"/>
    <testcase classname="login7WithPOM" name="login3" time="42.178"/>
    <testcase classname="login7WithPOM" name="login4" time="39.868"/>
</testsuite> <!-- login7WithPOM -->
